<?xml version="1.0" encoding="UTF-8"?>
<testng-results skipped="0" failed="0" ignored="0" total="2" passed="2">
  <reporter-output>
  </reporter-output>
  <suite name="Default suite" duration-ms="21929" started-at="2020-07-15T05:29:37Z" finished-at="2020-07-15T05:29:59Z">
    <groups>
    </groups>
    <test name="Default test" duration-ms="21929" started-at="2020-07-15T05:29:37Z" finished-at="2020-07-15T05:29:59Z">
      <class name="Test.NewTest">
        <test-method status="PASS" signature="luanchApplication()[pri:0, instance:Test.NewTest@50a7bc6e]" name="luanchApplication" is-config="true" duration-ms="13819" started-at="2020-07-15T05:29:38Z" finished-at="2020-07-15T05:29:51Z">
          <reporter-output>
          </reporter-output>
        </test-method> <!-- luanchApplication -->
        <test-method status="PASS" signature="Login()[pri:1, instance:Test.NewTest@50a7bc6e]" name="Login" duration-ms="6236" started-at="2020-07-15T05:29:51Z" finished-at="2020-07-15T05:29:58Z">
          <reporter-output>
          </reporter-output>
        </test-method> <!-- Login -->
        <test-method status="PASS" signature="Logout()[pri:2, instance:Test.NewTest@50a7bc6e]" name="Logout" duration-ms="1481" started-at="2020-07-15T05:29:58Z" finished-at="2020-07-15T05:29:59Z">
          <reporter-output>
          </reporter-output>
        </test-method> <!-- Logout -->
        <test-method status="PASS" signature="closeApplication()[pri:0, instance:Test.NewTest@50a7bc6e]" name="closeApplication" is-config="true" duration-ms="314" started-at="2020-07-15T05:29:59Z" finished-at="2020-07-15T05:29:59Z">
          <reporter-output>
          </reporter-output>
        </test-method> <!-- closeApplication -->
      </class> <!-- Test.NewTest -->
    </test> <!-- Default test -->
  </suite> <!-- Default suite -->
</testng-results>
